2023-01-20 22:07:18,808 main DEBUG Apache Log4j Core 2.19.0 initializing configuration XmlConfiguration[location=C:\Users\Nick\eclipse-workspace\COMI-2510-Week-2\target\classes\log4j2.xml]
2023-01-20 22:07:18,810 main DEBUG PluginManager 'Core' found 130 plugins
2023-01-20 22:07:18,810 main DEBUG PluginManager 'Level' found 0 plugins
2023-01-20 22:07:18,813 main DEBUG PluginManager 'Lookup' found 16 plugins
2023-01-20 22:07:18,815 main DEBUG Building Plugin[name=layout, class=org.apache.logging.log4j.core.layout.PatternLayout].
2023-01-20 22:07:18,821 main TRACE TypeConverterRegistry initializing.
2023-01-20 22:07:18,822 main DEBUG PluginManager 'TypeConverter' found 26 plugins
2023-01-20 22:07:18,835 main DEBUG PatternLayout$Builder(pattern="%d{HH:mm:ss.SSS} [%t] %-5level %logger{36} - %msg%n", PatternSelector=null, Configuration(C:\Users\Nick\eclipse-workspace\COMI-2510-Week-2\target\classes\log4j2.xml), Replace=null, charset="null", alwaysWriteExceptions="null", disableAnsi="null", noConsoleNoAnsi="null", header="null", footer="null")
2023-01-20 22:07:18,835 main DEBUG PluginManager 'Converter' found 45 plugins
2023-01-20 22:07:18,835 main DEBUG Building Plugin[name=appender, class=org.apache.logging.log4j.core.appender.ConsoleAppender].
2023-01-20 22:07:18,842 main DEBUG ConsoleAppender$Builder(target="SYSTEM_OUT", follow="null", direct="null", bufferedIo="null", bufferSize="null", immediateFlush="null", ignoreExceptions="null", PatternLayout(%d{HH:mm:ss.SSS} [%t] %-5level %logger{36} - %msg%n), name="LogToConsole", Configuration(C:\Users\Nick\eclipse-workspace\COMI-2510-Week-2\target\classes\log4j2.xml), Filter=null, ={})
2023-01-20 22:07:18,844 main DEBUG Starting OutputStreamManager SYSTEM_OUT.false.false
2023-01-20 22:07:18,844 main DEBUG Building Plugin[name=layout, class=org.apache.logging.log4j.core.layout.PatternLayout].
2023-01-20 22:07:18,845 main DEBUG PatternLayout$Builder(pattern="%d{HH:mm:ss.SSS} [%t] %-5level %logger{36} - %msg%n", PatternSelector=null, Configuration(C:\Users\Nick\eclipse-workspace\COMI-2510-Week-2\target\classes\log4j2.xml), Replace=null, charset="null", alwaysWriteExceptions="null", disableAnsi="null", noConsoleNoAnsi="null", header="null", footer="null")
2023-01-20 22:07:18,845 main DEBUG Building Plugin[name=appender, class=org.apache.logging.log4j.core.appender.FileAppender].
2023-01-20 22:07:18,847 main DEBUG FileAppender$Builder(fileName="logs/app.log", append="null", locking="null", advertise="null", advertiseUri="null", createOnDemand="null", filePermissions="null", fileOwner="null", fileGroup="null", bufferedIo="null", bufferSize="null", immediateFlush="null", ignoreExceptions="null", PatternLayout(%d{HH:mm:ss.SSS} [%t] %-5level %logger{36} - %msg%n), name="LogToFile", Configuration(C:\Users\Nick\eclipse-workspace\COMI-2510-Week-2\target\classes\log4j2.xml), Filter=null, ={})
2023-01-20 22:07:18,850 main DEBUG Starting FileManager logs/app.log
2023-01-20 22:07:18,850 main DEBUG Building Plugin[name=appenders, class=org.apache.logging.log4j.core.config.AppendersPlugin].
2023-01-20 22:07:18,851 main DEBUG createAppenders(={LogToConsole, LogToFile})
2023-01-20 22:07:18,852 main DEBUG Building Plugin[name=AppenderRef, class=org.apache.logging.log4j.core.config.AppenderRef].
2023-01-20 22:07:18,855 main DEBUG createAppenderRef(ref="LogToFile", level="ALL", Filter=null)
2023-01-20 22:07:18,859 main DEBUG Building Plugin[name=AppenderRef, class=org.apache.logging.log4j.core.config.AppenderRef].
2023-01-20 22:07:18,860 main DEBUG createAppenderRef(ref="LogToConsole", level="ERROR", Filter=null)
2023-01-20 22:07:18,860 main DEBUG Building Plugin[name=logger, class=org.apache.logging.log4j.core.config.LoggerConfig].
2023-01-20 22:07:18,863 main DEBUG LoggerConfig$Builder(additivity="false", level="TRACE", levelAndRefs="null", name="all", includeLocation="null", ={LogToFile, LogToConsole}, ={}, Configuration(C:\Users\Nick\eclipse-workspace\COMI-2510-Week-2\target\classes\log4j2.xml), Filter=null)
2023-01-20 22:07:18,864 main DEBUG Building Plugin[name=AppenderRef, class=org.apache.logging.log4j.core.config.AppenderRef].
2023-01-20 22:07:18,865 main DEBUG createAppenderRef(ref="LogToFile", level="ALL", Filter=null)
2023-01-20 22:07:18,865 main DEBUG Building Plugin[name=AppenderRef, class=org.apache.logging.log4j.core.config.AppenderRef].
2023-01-20 22:07:18,865 main DEBUG createAppenderRef(ref="LogToConsole", level="DEBUG", Filter=null)
2023-01-20 22:07:18,866 main DEBUG Building Plugin[name=root, class=org.apache.logging.log4j.core.config.LoggerConfig$RootLogger].
2023-01-20 22:07:18,867 main DEBUG LoggerConfig$RootLogger$Builder(additivity="null", level="ALL", levelAndRefs="null", includeLocation="null", ={LogToFile, LogToConsole}, ={}, Configuration(C:\Users\Nick\eclipse-workspace\COMI-2510-Week-2\target\classes\log4j2.xml), Filter=null)
2023-01-20 22:07:18,867 main DEBUG Building Plugin[name=loggers, class=org.apache.logging.log4j.core.config.LoggersPlugin].
2023-01-20 22:07:18,868 main DEBUG createLoggers(={all, root})
2023-01-20 22:07:18,868 main DEBUG Configuration XmlConfiguration[location=C:\Users\Nick\eclipse-workspace\COMI-2510-Week-2\target\classes\log4j2.xml] initialized
2023-01-20 22:07:18,869 main DEBUG Starting configuration XmlConfiguration[location=C:\Users\Nick\eclipse-workspace\COMI-2510-Week-2\target\classes\log4j2.xml]
2023-01-20 22:07:18,869 main DEBUG Started configuration XmlConfiguration[location=C:\Users\Nick\eclipse-workspace\COMI-2510-Week-2\target\classes\log4j2.xml] OK.
2023-01-20 22:07:18,869 main TRACE Stopping org.apache.logging.log4j.core.config.DefaultConfiguration@4efac082...
2023-01-20 22:07:18,869 main TRACE DefaultConfiguration notified 1 ReliabilityStrategies that config will be stopped.
2023-01-20 22:07:18,870 main TRACE DefaultConfiguration stopping root LoggerConfig.
2023-01-20 22:07:18,870 main TRACE DefaultConfiguration notifying ReliabilityStrategies that appenders will be stopped.
2023-01-20 22:07:18,870 main TRACE DefaultConfiguration stopping remaining Appenders.
2023-01-20 22:07:18,870 main DEBUG Shutting down OutputStreamManager SYSTEM_OUT.false.false-1
2023-01-20 22:07:18,870 main DEBUG OutputStream closed
2023-01-20 22:07:18,871 main DEBUG Shut down OutputStreamManager SYSTEM_OUT.false.false-1, all resources released: true
2023-01-20 22:07:18,871 main DEBUG Appender DefaultConsole-1 stopped with status true
2023-01-20 22:07:18,871 main TRACE DefaultConfiguration stopped 1 remaining Appenders.
2023-01-20 22:07:18,871 main TRACE DefaultConfiguration cleaning Appenders from 1 LoggerConfigs.
2023-01-20 22:07:18,871 main DEBUG Stopped org.apache.logging.log4j.core.config.DefaultConfiguration@4efac082 OK
2023-01-20 22:07:18,942 main TRACE Reregistering MBeans after reconfigure. Selector=org.apache.logging.log4j.core.selector.ClassLoaderContextSelector@335b5620
2023-01-20 22:07:18,942 main TRACE Reregistering context (1/1): '4d7e1886' org.apache.logging.log4j.core.LoggerContext@29a0cdb
2023-01-20 22:07:18,942 main TRACE Unregistering but no MBeans found matching 'org.apache.logging.log4j2:type=4d7e1886'
2023-01-20 22:07:18,943 main TRACE Unregistering but no MBeans found matching 'org.apache.logging.log4j2:type=4d7e1886,component=StatusLogger'
2023-01-20 22:07:18,943 main TRACE Unregistering but no MBeans found matching 'org.apache.logging.log4j2:type=4d7e1886,component=ContextSelector'
2023-01-20 22:07:18,943 main TRACE Unregistering but no MBeans found matching 'org.apache.logging.log4j2:type=4d7e1886,component=Loggers,name=*'
2023-01-20 22:07:18,944 main TRACE Unregistering but no MBeans found matching 'org.apache.logging.log4j2:type=4d7e1886,component=Appenders,name=*'
2023-01-20 22:07:18,944 main TRACE Unregistering but no MBeans found matching 'org.apache.logging.log4j2:type=4d7e1886,component=AsyncAppenders,name=*'
2023-01-20 22:07:18,944 main TRACE Unregistering but no MBeans found matching 'org.apache.logging.log4j2:type=4d7e1886,component=AsyncLoggerRingBuffer'
2023-01-20 22:07:18,944 main TRACE Unregistering but no MBeans found matching 'org.apache.logging.log4j2:type=4d7e1886,component=Loggers,name=*,subtype=RingBuffer'
2023-01-20 22:07:18,946 main DEBUG Registering MBean org.apache.logging.log4j2:type=4d7e1886
2023-01-20 22:07:18,948 main DEBUG Registering MBean org.apache.logging.log4j2:type=4d7e1886,component=StatusLogger
2023-01-20 22:07:18,949 main DEBUG Registering MBean org.apache.logging.log4j2:type=4d7e1886,component=ContextSelector
2023-01-20 22:07:18,951 main DEBUG Registering MBean org.apache.logging.log4j2:type=4d7e1886,component=Loggers,name=all
2023-01-20 22:07:18,951 main DEBUG Registering MBean org.apache.logging.log4j2:type=4d7e1886,component=Loggers,name=
2023-01-20 22:07:18,952 main DEBUG Registering MBean org.apache.logging.log4j2:type=4d7e1886,component=Appenders,name=LogToConsole
2023-01-20 22:07:18,953 main DEBUG Registering MBean org.apache.logging.log4j2:type=4d7e1886,component=Appenders,name=LogToFile
2023-01-20 22:07:18,954 main TRACE Using default SystemClock for timestamps.
2023-01-20 22:07:18,955 main DEBUG org.apache.logging.log4j.core.util.SystemClock supports precise timestamps.
2023-01-20 22:07:18,955 main TRACE Using DummyNanoClock for nanosecond timestamps.
2023-01-20 22:07:18,956 main DEBUG Reconfiguration complete for context[name=4d7e1886] at URI C:\Users\Nick\eclipse-workspace\COMI-2510-Week-2\target\classes\log4j2.xml (org.apache.logging.log4j.core.LoggerContext@29a0cdb) with optional ClassLoader: null
2023-01-20 22:07:18,956 main DEBUG Shutdown hook enabled. Registering a new one.
2023-01-20 22:07:18,957 main DEBUG LoggerContext[name=4d7e1886, org.apache.logging.log4j.core.LoggerContext@29a0cdb] started OK.
2023-01-20 22:07:19,018 pool-1-thread-1 DEBUG Stopping LoggerContext[name=4d7e1886, org.apache.logging.log4j.core.LoggerContext@29a0cdb]
2023-01-20 22:07:19,019 pool-1-thread-1 DEBUG Stopping LoggerContext[name=4d7e1886, org.apache.logging.log4j.core.LoggerContext@29a0cdb]...
2023-01-20 22:07:19,019 pool-1-thread-1 TRACE Unregistering 1 MBeans: [org.apache.logging.log4j2:type=4d7e1886]
2023-01-20 22:07:19,019 pool-1-thread-1 TRACE Unregistering 1 MBeans: [org.apache.logging.log4j2:type=4d7e1886,component=StatusLogger]
2023-01-20 22:07:19,019 pool-1-thread-1 TRACE Unregistering 1 MBeans: [org.apache.logging.log4j2:type=4d7e1886,component=ContextSelector]
2023-01-20 22:07:19,020 pool-1-thread-1 TRACE Unregistering 2 MBeans: [org.apache.logging.log4j2:type=4d7e1886,component=Loggers,name=all, org.apache.logging.log4j2:type=4d7e1886,component=Loggers,name=]
2023-01-20 22:07:19,020 pool-1-thread-1 TRACE Unregistering 2 MBeans: [org.apache.logging.log4j2:type=4d7e1886,component=Appenders,name=LogToFile, org.apache.logging.log4j2:type=4d7e1886,component=Appenders,name=LogToConsole]
2023-01-20 22:07:19,020 pool-1-thread-1 TRACE Unregistering but no MBeans found matching 'org.apache.logging.log4j2:type=4d7e1886,component=AsyncAppenders,name=*'
2023-01-20 22:07:19,021 pool-1-thread-1 TRACE Unregistering but no MBeans found matching 'org.apache.logging.log4j2:type=4d7e1886,component=AsyncLoggerRingBuffer'
2023-01-20 22:07:19,021 pool-1-thread-1 TRACE Unregistering but no MBeans found matching 'org.apache.logging.log4j2:type=4d7e1886,component=Loggers,name=*,subtype=RingBuffer'
2023-01-20 22:07:19,022 pool-1-thread-1 TRACE Stopping XmlConfiguration[location=C:\Users\Nick\eclipse-workspace\COMI-2510-Week-2\target\classes\log4j2.xml]...
2023-01-20 22:07:19,022 pool-1-thread-1 TRACE XmlConfiguration notified 3 ReliabilityStrategies that config will be stopped.
2023-01-20 22:07:19,022 pool-1-thread-1 TRACE XmlConfiguration stopping 2 LoggerConfigs.
2023-01-20 22:07:19,022 pool-1-thread-1 TRACE XmlConfiguration stopping root LoggerConfig.
2023-01-20 22:07:19,022 pool-1-thread-1 TRACE XmlConfiguration notifying ReliabilityStrategies that appenders will be stopped.
2023-01-20 22:07:19,023 pool-1-thread-1 TRACE XmlConfiguration stopping remaining Appenders.
2023-01-20 22:07:19,023 pool-1-thread-1 DEBUG Shutting down FileManager logs/app.log
2023-01-20 22:07:19,023 pool-1-thread-1 DEBUG OutputStream closed
2023-01-20 22:07:19,023 pool-1-thread-1 DEBUG Shut down FileManager logs/app.log, all resources released: true
2023-01-20 22:07:19,023 pool-1-thread-1 DEBUG Appender LogToFile stopped with status true
2023-01-20 22:07:19,024 pool-1-thread-1 DEBUG Shutting down OutputStreamManager SYSTEM_OUT.false.false
2023-01-20 22:07:19,024 pool-1-thread-1 DEBUG OutputStream closed
2023-01-20 22:07:19,024 pool-1-thread-1 DEBUG Shut down OutputStreamManager SYSTEM_OUT.false.false, all resources released: true
2023-01-20 22:07:19,024 pool-1-thread-1 DEBUG Appender LogToConsole stopped with status true
2023-01-20 22:07:19,024 pool-1-thread-1 TRACE XmlConfiguration stopped 2 remaining Appenders.
2023-01-20 22:07:19,024 pool-1-thread-1 TRACE XmlConfiguration cleaning Appenders from 3 LoggerConfigs.
2023-01-20 22:07:19,024 pool-1-thread-1 DEBUG Stopped XmlConfiguration[location=C:\Users\Nick\eclipse-workspace\COMI-2510-Week-2\target\classes\log4j2.xml] OK
2023-01-20 22:07:19,024 pool-1-thread-1 DEBUG Stopped LoggerContext[name=4d7e1886, org.apache.logging.log4j.core.LoggerContext@29a0cdb] with status true
